[27-Apr-2017 18:03:54 UTC] PHP Fatal error:  Class 'App\Http\Requests\Request' not found in /home/ubuntu/workspace/laravel-todomvc/app/Http/Requests/TaskStoreRequest.php on line 7
[27-Apr-2017 18:04:55 UTC] PHP Fatal error:  Class 'Illuminate\Foundation\Http\Request' not found in /home/ubuntu/workspace/laravel-todomvc/app/Http/Requests/TaskStoreRequest.php on line 7
[27-Apr-2017 18:06:12 UTC] PHP Fatal error:  Class 'App\Http\Requests\Request' not found in /home/ubuntu/workspace/laravel-todomvc/app/Http/Requests/TaskStoreRequest.php on line 7
[27-Apr-2017 18:07:55 UTC] PHP Fatal error:  Class 'App\Http\Requests\Request' not found in /home/ubuntu/workspace/laravel-todomvc/app/Http/Requests/TaskStoreRequest.php on line 7
[27-Apr-2017 18:09:17 UTC] PHP Fatal error:  Class 'App\Http\Requests\Request' not found in /home/ubuntu/workspace/laravel-todomvc/app/Http/Requests/TaskStoreRequest.php on line 7
[04-May-2017 19:17:39 UTC] PHP Notice:  Undefined index: host in /home/ubuntu/workspace/laravel-todomvc/config/database.php on line 72
[04-May-2017 19:17:39 UTC] PHP Notice:  Undefined index: user in /home/ubuntu/workspace/laravel-todomvc/config/database.php on line 74
[04-May-2017 19:17:39 UTC] PHP Notice:  Undefined index: pass in /home/ubuntu/workspace/laravel-todomvc/config/database.php on line 75
[04-May-2017 19:19:39 UTC] PHP Notice:  Undefined index: host in /home/ubuntu/workspace/laravel-todomvc/config/database.php on line 72
[04-May-2017 19:19:39 UTC] PHP Notice:  Undefined index: user in /home/ubuntu/workspace/laravel-todomvc/config/database.php on line 74
[04-May-2017 19:19:39 UTC] PHP Notice:  Undefined index: pass in /home/ubuntu/workspace/laravel-todomvc/config/database.php on line 75
[04-May-2017 19:19:39 UTC] PHP Notice:  Undefined index: host in /home/ubuntu/workspace/laravel-todomvc/config/database.php on line 72
[04-May-2017 19:19:39 UTC] PHP Notice:  Undefined index: user in /home/ubuntu/workspace/laravel-todomvc/config/database.php on line 74
[04-May-2017 19:19:39 UTC] PHP Notice:  Undefined index: pass in /home/ubuntu/workspace/laravel-todomvc/config/database.php on line 75
[04-May-2017 19:19:50 UTC] PHP Notice:  Undefined index: host in /home/ubuntu/workspace/laravel-todomvc/config/database.php on line 72
[04-May-2017 19:19:50 UTC] PHP Notice:  Undefined index: user in /home/ubuntu/workspace/laravel-todomvc/config/database.php on line 74
[04-May-2017 19:19:50 UTC] PHP Notice:  Undefined index: pass in /home/ubuntu/workspace/laravel-todomvc/config/database.php on line 75
[04-May-2017 19:19:51 UTC] PHP Notice:  Undefined index: host in /home/ubuntu/workspace/laravel-todomvc/config/database.php on line 72
[04-May-2017 19:19:51 UTC] PHP Notice:  Undefined index: user in /home/ubuntu/workspace/laravel-todomvc/config/database.php on line 74
[04-May-2017 19:19:51 UTC] PHP Notice:  Undefined index: pass in /home/ubuntu/workspace/laravel-todomvc/config/database.php on line 75
[04-May-2017 19:19:51 UTC] PHP Notice:  Undefined index: host in /home/ubuntu/workspace/laravel-todomvc/config/database.php on line 72
[04-May-2017 19:19:51 UTC] PHP Notice:  Undefined index: user in /home/ubuntu/workspace/laravel-todomvc/config/database.php on line 74
[04-May-2017 19:19:51 UTC] PHP Notice:  Undefined index: pass in /home/ubuntu/workspace/laravel-todomvc/config/database.php on line 75
[04-May-2017 19:19:55 UTC] PHP Notice:  Undefined index: host in /home/ubuntu/workspace/laravel-todomvc/config/database.php on line 72
[04-May-2017 19:19:55 UTC] PHP Notice:  Undefined index: user in /home/ubuntu/workspace/laravel-todomvc/config/database.php on line 74
[04-May-2017 19:19:55 UTC] PHP Notice:  Undefined index: pass in /home/ubuntu/workspace/laravel-todomvc/config/database.php on line 75
[04-May-2017 19:20:14 UTC] PHP Notice:  Undefined index: host in /home/ubuntu/workspace/laravel-todomvc/config/database.php on line 72
[04-May-2017 19:20:14 UTC] PHP Notice:  Undefined index: user in /home/ubuntu/workspace/laravel-todomvc/config/database.php on line 74
[04-May-2017 19:20:14 UTC] PHP Notice:  Undefined index: pass in /home/ubuntu/workspace/laravel-todomvc/config/database.php on line 75
[04-May-2017 19:20:17 UTC] PHP Notice:  Undefined index: host in /home/ubuntu/workspace/laravel-todomvc/config/database.php on line 72
[04-May-2017 19:20:17 UTC] PHP Notice:  Undefined index: user in /home/ubuntu/workspace/laravel-todomvc/config/database.php on line 74
[04-May-2017 19:20:17 UTC] PHP Notice:  Undefined index: pass in /home/ubuntu/workspace/laravel-todomvc/config/database.php on line 75
[04-May-2017 19:20:26 UTC] PHP Notice:  Undefined index: host in /home/ubuntu/workspace/laravel-todomvc/config/database.php on line 72
[04-May-2017 19:20:26 UTC] PHP Notice:  Undefined index: user in /home/ubuntu/workspace/laravel-todomvc/config/database.php on line 74
[04-May-2017 19:20:26 UTC] PHP Notice:  Undefined index: pass in /home/ubuntu/workspace/laravel-todomvc/config/database.php on line 75
[04-May-2017 19:20:36 UTC] PHP Notice:  Undefined index: host in /home/ubuntu/workspace/laravel-todomvc/config/database.php on line 72
[04-May-2017 19:20:36 UTC] PHP Notice:  Undefined index: user in /home/ubuntu/workspace/laravel-todomvc/config/database.php on line 74
[04-May-2017 19:20:36 UTC] PHP Notice:  Undefined index: pass in /home/ubuntu/workspace/laravel-todomvc/config/database.php on line 75
[04-May-2017 19:20:36 UTC] PHP Notice:  Undefined index: host in /home/ubuntu/workspace/laravel-todomvc/config/database.php on line 72
[04-May-2017 19:20:36 UTC] PHP Notice:  Undefined index: user in /home/ubuntu/workspace/laravel-todomvc/config/database.php on line 74
[04-May-2017 19:20:36 UTC] PHP Notice:  Undefined index: pass in /home/ubuntu/workspace/laravel-todomvc/config/database.php on line 75
[04-May-2017 19:21:37 UTC] PHP Notice:  Undefined index: host in /home/ubuntu/workspace/laravel-todomvc/config/database.php on line 72
[04-May-2017 19:21:37 UTC] PHP Notice:  Undefined index: user in /home/ubuntu/workspace/laravel-todomvc/config/database.php on line 74
[04-May-2017 19:21:37 UTC] PHP Notice:  Undefined index: pass in /home/ubuntu/workspace/laravel-todomvc/config/database.php on line 75
[04-May-2017 19:21:37 UTC] PHP Notice:  Undefined index: host in /home/ubuntu/workspace/laravel-todomvc/config/database.php on line 72
[04-May-2017 19:21:37 UTC] PHP Notice:  Undefined index: user in /home/ubuntu/workspace/laravel-todomvc/config/database.php on line 74
[04-May-2017 19:21:37 UTC] PHP Notice:  Undefined index: pass in /home/ubuntu/workspace/laravel-todomvc/config/database.php on line 75
[04-May-2017 19:21:42 UTC] PHP Notice:  Undefined index: host in /home/ubuntu/workspace/laravel-todomvc/config/database.php on line 72
[04-May-2017 19:21:42 UTC] PHP Notice:  Undefined index: user in /home/ubuntu/workspace/laravel-todomvc/config/database.php on line 74
[04-May-2017 19:21:42 UTC] PHP Notice:  Undefined index: pass in /home/ubuntu/workspace/laravel-todomvc/config/database.php on line 75
[04-May-2017 19:21:50 UTC] PHP Notice:  Undefined index: host in /home/ubuntu/workspace/laravel-todomvc/config/database.php on line 72
[04-May-2017 19:21:50 UTC] PHP Notice:  Undefined index: user in /home/ubuntu/workspace/laravel-todomvc/config/database.php on line 74
[04-May-2017 19:21:50 UTC] PHP Notice:  Undefined index: pass in /home/ubuntu/workspace/laravel-todomvc/config/database.php on line 75
[04-May-2017 19:21:50 UTC] PHP Notice:  Undefined index: host in /home/ubuntu/workspace/laravel-todomvc/config/database.php on line 72
[04-May-2017 19:21:50 UTC] PHP Notice:  Undefined index: user in /home/ubuntu/workspace/laravel-todomvc/config/database.php on line 74
[04-May-2017 19:21:50 UTC] PHP Notice:  Undefined index: pass in /home/ubuntu/workspace/laravel-todomvc/config/database.php on line 75
[04-May-2017 19:23:25 UTC] PHP Notice:  Undefined index: host in /home/ubuntu/workspace/laravel-todomvc/config/database.php on line 72
[04-May-2017 19:23:25 UTC] PHP Notice:  Undefined index: user in /home/ubuntu/workspace/laravel-todomvc/config/database.php on line 74
[04-May-2017 19:23:25 UTC] PHP Notice:  Undefined index: pass in /home/ubuntu/workspace/laravel-todomvc/config/database.php on line 75
[04-May-2017 19:23:25 UTC] PHP Notice:  Undefined index: host in /home/ubuntu/workspace/laravel-todomvc/config/database.php on line 72
[04-May-2017 19:23:25 UTC] PHP Notice:  Undefined index: user in /home/ubuntu/workspace/laravel-todomvc/config/database.php on line 74
[04-May-2017 19:23:25 UTC] PHP Notice:  Undefined index: pass in /home/ubuntu/workspace/laravel-todomvc/config/database.php on line 75
[04-May-2017 19:23:30 UTC] PHP Notice:  Undefined index: host in /home/ubuntu/workspace/laravel-todomvc/config/database.php on line 72
[04-May-2017 19:23:30 UTC] PHP Notice:  Undefined index: user in /home/ubuntu/workspace/laravel-todomvc/config/database.php on line 74
[04-May-2017 19:23:30 UTC] PHP Notice:  Undefined index: pass in /home/ubuntu/workspace/laravel-todomvc/config/database.php on line 75
[04-May-2017 19:23:31 UTC] PHP Notice:  Undefined index: host in /home/ubuntu/workspace/laravel-todomvc/config/database.php on line 72
[04-May-2017 19:23:31 UTC] PHP Notice:  Undefined index: user in /home/ubuntu/workspace/laravel-todomvc/config/database.php on line 74
[04-May-2017 19:23:31 UTC] PHP Notice:  Undefined index: pass in /home/ubuntu/workspace/laravel-todomvc/config/database.php on line 75
[04-May-2017 19:23:31 UTC] PHP Notice:  Undefined index: host in /home/ubuntu/workspace/laravel-todomvc/config/database.php on line 72
[04-May-2017 19:23:31 UTC] PHP Notice:  Undefined index: user in /home/ubuntu/workspace/laravel-todomvc/config/database.php on line 74
[04-May-2017 19:23:31 UTC] PHP Notice:  Undefined index: pass in /home/ubuntu/workspace/laravel-todomvc/config/database.php on line 75
[04-May-2017 19:23:44 UTC] PHP Notice:  Undefined index: host in /home/ubuntu/workspace/laravel-todomvc/config/database.php on line 72
[04-May-2017 19:23:44 UTC] PHP Notice:  Undefined index: user in /home/ubuntu/workspace/laravel-todomvc/config/database.php on line 74
[04-May-2017 19:23:44 UTC] PHP Notice:  Undefined index: pass in /home/ubuntu/workspace/laravel-todomvc/config/database.php on line 75
[04-May-2017 19:27:12 UTC] PHP Notice:  Undefined index: host in /home/ubuntu/workspace/laravel-todomvc/config/database.php on line 72
[04-May-2017 19:27:12 UTC] PHP Notice:  Undefined index: user in /home/ubuntu/workspace/laravel-todomvc/config/database.php on line 74
[04-May-2017 19:27:12 UTC] PHP Notice:  Undefined index: pass in /home/ubuntu/workspace/laravel-todomvc/config/database.php on line 75
[04-May-2017 19:27:12 UTC] PHP Notice:  Undefined index: host in /home/ubuntu/workspace/laravel-todomvc/config/database.php on line 72
[04-May-2017 19:27:12 UTC] PHP Notice:  Undefined index: user in /home/ubuntu/workspace/laravel-todomvc/config/database.php on line 74
[04-May-2017 19:27:12 UTC] PHP Notice:  Undefined index: pass in /home/ubuntu/workspace/laravel-todomvc/config/database.php on line 75
[04-May-2017 19:27:13 UTC] PHP Notice:  Undefined index: host in /home/ubuntu/workspace/laravel-todomvc/config/database.php on line 72
[04-May-2017 19:27:13 UTC] PHP Notice:  Undefined index: user in /home/ubuntu/workspace/laravel-todomvc/config/database.php on line 74
[04-May-2017 19:27:13 UTC] PHP Notice:  Undefined index: pass in /home/ubuntu/workspace/laravel-todomvc/config/database.php on line 75
[04-May-2017 19:27:14 UTC] PHP Notice:  Undefined index: host in /home/ubuntu/workspace/laravel-todomvc/config/database.php on line 72
[04-May-2017 19:27:14 UTC] PHP Notice:  Undefined index: user in /home/ubuntu/workspace/laravel-todomvc/config/database.php on line 74
[04-May-2017 19:27:14 UTC] PHP Notice:  Undefined index: pass in /home/ubuntu/workspace/laravel-todomvc/config/database.php on line 75
[04-May-2017 19:28:26 UTC] PHP Notice:  Undefined index: host in /home/ubuntu/workspace/laravel-todomvc/config/database.php on line 72
[04-May-2017 19:28:26 UTC] PHP Notice:  Undefined index: user in /home/ubuntu/workspace/laravel-todomvc/config/database.php on line 74
[04-May-2017 19:28:26 UTC] PHP Notice:  Undefined index: pass in /home/ubuntu/workspace/laravel-todomvc/config/database.php on line 75
[04-May-2017 19:28:27 UTC] PHP Notice:  Undefined index: host in /home/ubuntu/workspace/laravel-todomvc/config/database.php on line 72
[04-May-2017 19:28:27 UTC] PHP Notice:  Undefined index: user in /home/ubuntu/workspace/laravel-todomvc/config/database.php on line 74
[04-May-2017 19:28:27 UTC] PHP Notice:  Undefined index: pass in /home/ubuntu/workspace/laravel-todomvc/config/database.php on line 75
[04-May-2017 19:28:27 UTC] PHP Notice:  Undefined index: host in /home/ubuntu/workspace/laravel-todomvc/config/database.php on line 72
[04-May-2017 19:28:27 UTC] PHP Notice:  Undefined index: user in /home/ubuntu/workspace/laravel-todomvc/config/database.php on line 74
[04-May-2017 19:28:27 UTC] PHP Notice:  Undefined index: pass in /home/ubuntu/workspace/laravel-todomvc/config/database.php on line 75
[04-May-2017 19:28:29 UTC] PHP Notice:  Undefined index: host in /home/ubuntu/workspace/laravel-todomvc/config/database.php on line 72
[04-May-2017 19:28:29 UTC] PHP Notice:  Undefined index: user in /home/ubuntu/workspace/laravel-todomvc/config/database.php on line 74
[04-May-2017 19:28:29 UTC] PHP Notice:  Undefined index: pass in /home/ubuntu/workspace/laravel-todomvc/config/database.php on line 75
[04-May-2017 19:28:35 UTC] PHP Notice:  Undefined index: host in /home/ubuntu/workspace/laravel-todomvc/config/database.php on line 72
[04-May-2017 19:28:35 UTC] PHP Notice:  Undefined index: user in /home/ubuntu/workspace/laravel-todomvc/config/database.php on line 74
[04-May-2017 19:28:35 UTC] PHP Notice:  Undefined index: pass in /home/ubuntu/workspace/laravel-todomvc/config/database.php on line 75
[04-May-2017 19:28:44 UTC] PHP Notice:  Undefined index: host in /home/ubuntu/workspace/laravel-todomvc/config/database.php on line 72
[04-May-2017 19:28:44 UTC] PHP Notice:  Undefined index: user in /home/ubuntu/workspace/laravel-todomvc/config/database.php on line 74
[04-May-2017 19:28:44 UTC] PHP Notice:  Undefined index: pass in /home/ubuntu/workspace/laravel-todomvc/config/database.php on line 75
[04-May-2017 19:28:44 UTC] PHP Notice:  Undefined index: host in /home/ubuntu/workspace/laravel-todomvc/config/database.php on line 72
[04-May-2017 19:28:44 UTC] PHP Notice:  Undefined index: user in /home/ubuntu/workspace/laravel-todomvc/config/database.php on line 74
[04-May-2017 19:28:44 UTC] PHP Notice:  Undefined index: pass in /home/ubuntu/workspace/laravel-todomvc/config/database.php on line 75
[04-May-2017 19:28:46 UTC] PHP Notice:  Undefined index: host in /home/ubuntu/workspace/laravel-todomvc/config/database.php on line 72
[04-May-2017 19:28:46 UTC] PHP Notice:  Undefined index: user in /home/ubuntu/workspace/laravel-todomvc/config/database.php on line 74
[04-May-2017 19:28:46 UTC] PHP Notice:  Undefined index: pass in /home/ubuntu/workspace/laravel-todomvc/config/database.php on line 75
[04-May-2017 19:28:51 UTC] PHP Notice:  Undefined index: host in /home/ubuntu/workspace/laravel-todomvc/config/database.php on line 72
[04-May-2017 19:28:51 UTC] PHP Notice:  Undefined index: user in /home/ubuntu/workspace/laravel-todomvc/config/database.php on line 74
[04-May-2017 19:28:51 UTC] PHP Notice:  Undefined index: pass in /home/ubuntu/workspace/laravel-todomvc/config/database.php on line 75
[04-May-2017 19:28:51 UTC] PHP Notice:  Undefined index: host in /home/ubuntu/workspace/laravel-todomvc/config/database.php on line 72
[04-May-2017 19:28:51 UTC] PHP Notice:  Undefined index: user in /home/ubuntu/workspace/laravel-todomvc/config/database.php on line 74
[04-May-2017 19:28:51 UTC] PHP Notice:  Undefined index: pass in /home/ubuntu/workspace/laravel-todomvc/config/database.php on line 75
[04-May-2017 19:28:52 UTC] PHP Notice:  Undefined index: host in /home/ubuntu/workspace/laravel-todomvc/config/database.php on line 72
[04-May-2017 19:28:52 UTC] PHP Notice:  Undefined index: user in /home/ubuntu/workspace/laravel-todomvc/config/database.php on line 74
[04-May-2017 19:28:52 UTC] PHP Notice:  Undefined index: pass in /home/ubuntu/workspace/laravel-todomvc/config/database.php on line 75
